<?xml version="1.0" encoding="UTF-8"?>
<!-- Generated by org.testng.reporters.JUnitXMLReporter -->
<testsuite hostname="Shivani-Gupta" name="IE Test" tests="1" failures="0" timestamp="8 Feb 2018 06:15:10 GMT" time="4.751" errors="0">
  <testcase name="@BeforeClass setUpObjects" time="0.0" classname="MotusGroup.MotusArtifact.DriverTabTest">
    <failure type="java.lang.NullPointerException">
      <![CDATA[java.lang.NullPointerException
	at util.BasicActions.<init>(BasicActions.java:24)
	at page.HomePage.<init>(HomePage.java:18)
	at MotusGroup.MotusArtifact.DriverTabTest.setUpObjects(DriverTabTest.java:30)
	at java.util.concurrent.FutureTask.run(FutureTask.java:266)
	at java.util.concurrent.ThreadPoolExecutor.runWorker(ThreadPoolExecutor.java:1142)
	at java.util.concurrent.ThreadPoolExecutor$Worker.run(ThreadPoolExecutor.java:617)
	at java.lang.Thread.run(Thread.java:745)
... Removed 16 stack frames]]>
    </failure>
  </testcase> <!-- @BeforeClass setUpObjects -->
  <testcase name="testDriverSearch" time="0.001" classname="MotusGroup.MotusArtifact.DriverTabTest">
    <skipped/>
  </testcase> <!-- testDriverSearch -->
</testsuite> <!-- IE Test -->
