<?xml version="1.0" encoding="UTF-8"?>
<testng-results skipped="0" failed="1" total="1" passed="0">
  <reporter-output>
  </reporter-output>
  <suite name="Default suite" duration-ms="14847" started-at="2018-02-08T08:45:13Z" finished-at="2018-02-08T08:45:28Z">
    <groups>
    </groups>
    <test name="Default test" duration-ms="14847" started-at="2018-02-08T08:45:13Z" finished-at="2018-02-08T08:45:28Z">
      <class name="MotusGroup.MotusArtifact.DriverTabTest">
        <test-method status="PASS" signature="setUp()[pri:0, instance:MotusGroup.MotusArtifact.DriverTabTest@3bfdc050]" name="setUp" is-config="true" duration-ms="13215" started-at="2018-02-08T14:15:13Z" finished-at="2018-02-08T14:15:27Z">
          <reporter-output>
          </reporter-output>
        </test-method> <!-- setUp -->
        <test-method status="PASS" signature="setUpObjects()[pri:0, instance:MotusGroup.MotusArtifact.DriverTabTest@3bfdc050]" name="setUpObjects" is-config="true" duration-ms="37" started-at="2018-02-08T14:15:27Z" finished-at="2018-02-08T14:15:27Z">
          <reporter-output>
          </reporter-output>
        </test-method> <!-- setUpObjects -->
        <test-method status="FAIL" signature="testDriverSearch()[pri:0, instance:MotusGroup.MotusArtifact.DriverTabTest@3bfdc050]" name="testDriverSearch" duration-ms="1578" started-at="2018-02-08T14:15:27Z" finished-at="2018-02-08T14:15:28Z">
          <exception class="java.lang.NullPointerException">
            <full-stacktrace>
              <![CDATA[java.lang.NullPointerException
	at MotusGroup.MotusArtifact.DriverTabTest.testDriverSearch(DriverTabTest.java:50)
	at sun.reflect.NativeMethodAccessorImpl.invoke0(Native Method)
	at sun.reflect.NativeMethodAccessorImpl.invoke(NativeMethodAccessorImpl.java:62)
	at sun.reflect.DelegatingMethodAccessorImpl.invoke(DelegatingMethodAccessorImpl.java:43)
	at java.lang.reflect.Method.invoke(Method.java:498)
	at org.testng.internal.MethodInvocationHelper.invokeMethod(MethodInvocationHelper.java:86)
	at org.testng.internal.Invoker.invokeMethod(Invoker.java:643)
	at org.testng.internal.Invoker.invokeTestMethod(Invoker.java:820)
	at org.testng.internal.Invoker.invokeTestMethods(Invoker.java:1128)
	at org.testng.internal.TestMethodWorker.invokeTestMethods(TestMethodWorker.java:129)
	at org.testng.internal.TestMethodWorker.run(TestMethodWorker.java:112)
	at org.testng.TestRunner.privateRun(TestRunner.java:782)
	at org.testng.TestRunner.run(TestRunner.java:632)
	at org.testng.SuiteRunner.runTest(SuiteRunner.java:366)
	at org.testng.SuiteRunner.runSequentially(SuiteRunner.java:361)
	at org.testng.SuiteRunner.privateRun(SuiteRunner.java:319)
	at org.testng.SuiteRunner.run(SuiteRunner.java:268)
	at org.testng.SuiteRunnerWorker.runSuite(SuiteRunnerWorker.java:52)
	at org.testng.SuiteRunnerWorker.run(SuiteRunnerWorker.java:86)
	at org.testng.TestNG.runSuitesSequentially(TestNG.java:1244)
	at org.testng.TestNG.runSuitesLocally(TestNG.java:1169)
	at org.testng.TestNG.run(TestNG.java:1064)
	at org.testng.remote.AbstractRemoteTestNG.run(AbstractRemoteTestNG.java:132)
	at org.testng.remote.RemoteTestNG.initAndRun(RemoteTestNG.java:236)
	at org.testng.remote.RemoteTestNG.main(RemoteTestNG.java:81)
]]>
            </full-stacktrace>
          </exception> <!-- java.lang.NullPointerException -->
          <reporter-output>
          </reporter-output>
        </test-method> <!-- testDriverSearch -->
      </class> <!-- MotusGroup.MotusArtifact.DriverTabTest -->
    </test> <!-- Default test -->
  </suite> <!-- Default suite -->
</testng-results>
